\BOOKMARK [1][-]{section.1}{\376\377\127\050\000C\000I\000F\000A\000R\000-\0001\0000\0000\145\160\143\156\226\306\116\012\213\255\176\303\000C\000N\000N}{}% 1
\BOOKMARK [2][-]{subsection.1.1}{\376\377\145\160\143\156\226\306\116\313\176\315\116\016\122\022\122\006}{section.1}% 2
\BOOKMARK [2][-]{subsection.1.2}{\376\377\000b\000a\000s\000e\000l\000i\000n\000e\152\041\127\213}{section.1}% 3
\BOOKMARK [3][-]{subsubsection.1.2.1}{\376\377\152\041\127\213\127\372\147\054\176\323\147\204}{subsection.1.2}% 4
\BOOKMARK [3][-]{subsubsection.1.2.2}{\376\377\152\041\127\213\215\205\123\302\145\160\214\003\145\164}{subsection.1.2}% 5
\BOOKMARK [2][-]{subsection.1.3}{\376\377\145\160\143\156\130\236\137\072}{section.1}% 6
\BOOKMARK [3][-]{subsubsection.1.3.1}{\376\377\226\217\147\072\210\301\122\152\124\214\154\064\136\163\177\373\217\154}{subsection.1.3}% 7
\BOOKMARK [3][-]{subsubsection.1.3.2}{\376\377\000C\000u\000t\000\040\000o\000u\000t}{subsection.1.3}% 8
\BOOKMARK [3][-]{subsubsection.1.3.3}{\376\377\000C\000u\000t\000\040\000m\000i\000x}{subsection.1.3}% 9
\BOOKMARK [3][-]{subsubsection.1.3.4}{\376\377\000M\000i\000x\000\040\000u\000p}{subsection.1.3}% 10
\BOOKMARK [2][-]{subsection.1.4}{\376\377\134\017\176\323}{section.1}% 11
\BOOKMARK [1][-]{section.2}{\376\377\127\050\000V\000O\000C\145\160\143\156\226\306\116\012\213\255\176\303\000F\000a\000s\000t\000e\000r\000\040\000R\000-\000C\000N\000N\124\214\000Y\000O\000L\000O\000\040\000V\0003}{}% 12
\BOOKMARK [2][-]{subsection.2.1}{\376\377\145\160\143\156\226\306\116\313\176\315\116\016\122\022\122\006}{section.2}% 13
\BOOKMARK [3][-]{subsubsection.2.1.1}{\376\377\145\160\143\156\226\306\140\073\117\123\151\202\121\265}{subsection.2.1}% 14
\BOOKMARK [3][-]{subsubsection.2.1.2}{\376\377\145\160\143\156\226\306\122\022\122\006}{subsection.2.1}% 15
\BOOKMARK [3][-]{subsubsection.2.1.3}{\376\377\145\160\143\156\226\306\123\357\211\306\123\026}{subsection.2.1}% 16
\BOOKMARK [3][-]{subsubsection.2.1.4}{\376\377\213\373\123\326\000V\000O\000C\145\160\143\156\226\306}{subsection.2.1}% 17
\BOOKMARK [2][-]{subsection.2.2}{\376\377\000F\000a\000s\000t\000e\000r\000\040\000R\000-\000C\000N\000N\152\041\127\213}{section.2}% 18
\BOOKMARK [3][-]{subsubsection.2.2.1}{\376\377\127\372\147\054\176\323\147\204}{subsection.2.2}% 19
\BOOKMARK [3][-]{subsubsection.2.2.2}{\376\377\162\171\137\201\221\321\133\127\130\124\177\121\176\334\377\010\000F\000P\000N\377\011}{subsection.2.2}% 20
\BOOKMARK [3][-]{subsubsection.2.2.3}{\376\377\120\031\220\011\150\300\155\113\150\106\165\037\142\020\177\121\176\334\377\010\000R\000P\000N\377\011}{subsection.2.2}% 21
\BOOKMARK [3][-]{subsubsection.2.2.4}{\376\377\152\041\127\213\213\255\176\303}{subsection.2.2}% 22
\BOOKMARK [3][-]{subsubsection.2.2.5}{\376\377\152\041\127\213\213\304\116\367}{subsection.2.2}% 23
\BOOKMARK [3][-]{subsubsection.2.2.6}{\376\377\152\041\127\213\123\357\211\306\123\026}{subsection.2.2}% 24
\BOOKMARK [2][-]{subsection.2.3}{\376\377\000Y\000O\000L\000O\000\040\000V\0003\152\041\127\213}{section.2}% 25
\BOOKMARK [3][-]{subsubsection.2.3.1}{\376\377\000Y\000O\000L\000O\000\040\000V\0003\127\372\147\054\176\323\147\204}{subsection.2.3}% 26
\BOOKMARK [3][-]{subsubsection.2.3.2}{\376\377\000Y\000O\000L\000O\000\040\000V\0003\166\204\000a\000n\000c\000h\000o\000r\000\040\000b\000o\000x}{subsection.2.3}% 27
\BOOKMARK [3][-]{subsubsection.2.3.3}{\376\377\000Y\000O\000L\000O\000\040\000V\0003\143\137\131\061\121\375\145\160}{subsection.2.3}% 28
\BOOKMARK [3][-]{subsubsection.2.3.4}{\376\377\000Y\000O\000L\000O\000\040\000V\0003\000\040\000S\000P\000P}{subsection.2.3}% 29
\BOOKMARK [3][-]{subsubsection.2.3.5}{\376\377\152\041\127\213\213\255\176\303}{subsection.2.3}% 30
\BOOKMARK [3][-]{subsubsection.2.3.6}{\376\377\152\041\127\213\213\304\116\367}{subsection.2.3}% 31
\BOOKMARK [3][-]{subsubsection.2.3.7}{\376\377\152\041\127\213\123\357\211\306\123\026}{subsection.2.3}% 32
\BOOKMARK [2][-]{subsection.2.4}{\376\377\134\017\176\323}{section.2}% 33
\BOOKMARK [1][-]{section.3}{\376\377\116\343\170\001\224\376\143\245\124\214\152\041\127\213\116\013\217\175\127\060\127\100}{}% 34
